<?xml version="1.0" encoding="UTF-8"?><testsuite errors="1" failures="0" name="Validar autenticacion en la pagina Booking.com" skipped="0" tests="1" time="14.83" timestamp="2022-08-18 07:03:23"><testcase name="Login exitoso desde el menu de la pagina de inicio"><error message="stale element reference: element is not attached to the page document&#10;  (Session info: chrome=104.0.5112.102)&#10;For documentation on this error, please visit: https://www.seleniumhq.org/exceptions/stale_element_reference.html&#10;Build info: version: '3.141.59', revision: 'e82be7d358', time: '2018-11-14T08:17:03'&#10;System info: host: 'LAPTOP-TMQ7CEEC', ip: '192.168.1.58', os.name: 'Windows 11', os.arch: 'amd64', os.version: '10.0', java.version: '11.0.16.1'&#10;Driver info: org.openqa.selenium.chrome.ChromeDriver&#10;Capabilities {acceptInsecureCerts: false, browserName: chrome, browserVersion: 104.0.5112.102, chrome: {chromedriverVersion: 104.0.5112.29 (eff877e18f76..., userDataDir: C:\Users\JOHNMA~1\AppData\L...}, goog:chromeOptions: {debuggerAddress: localhost:52084}, javascriptEnabled: true, networkConnectionEnabled: false, pageLoadStrategy: normal, platform: WINDOWS, platformName: WINDOWS, proxy: Proxy(), setWindowRect: true, strictFileInteractability: false, timeouts: {implicit: 0, pageLoad: 300000, script: 30000}, unhandledPromptBehavior: dismiss and notify, webauthn:extension:credBlob: true, webauthn:extension:largeBlob: true, webauthn:virtualAuthenticators: true}&#10;Session ID: b8cad7f20ff7a5dbcc27d0df38bcf42c" type="org.openqa.selenium.StaleElementReferenceException">stale element reference: element is not attached to the page document
  (Session info: chrome=104.0.5112.102)
For documentation on this error, please visit: https://www.seleniumhq.org/exceptions/stale_element_reference.html
Build info: version: '3.141.59', revision: 'e82be7d358', time: '2018-11-14T08:17:03'
System info: host: 'LAPTOP-TMQ7CEEC', ip: '192.168.1.58', os.name: 'Windows 11', os.arch: 'amd64', os.version: '10.0', java.version: '11.0.16.1'
Driver info: org.openqa.selenium.chrome.ChromeDriver
Capabilities {acceptInsecureCerts: false, browserName: chrome, browserVersion: 104.0.5112.102, chrome: {chromedriverVersion: 104.0.5112.29 (eff877e18f76..., userDataDir: C:\Users\JOHNMA~1\AppData\L...}, goog:chromeOptions: {debuggerAddress: localhost:52084}, javascriptEnabled: true, networkConnectionEnabled: false, pageLoadStrategy: normal, platform: WINDOWS, platformName: WINDOWS, proxy: Proxy(), setWindowRect: true, strictFileInteractability: false, timeouts: {implicit: 0, pageLoad: 300000, script: 30000}, unhandledPromptBehavior: dismiss and notify, webauthn:extension:credBlob: true, webauthn:extension:largeBlob: true, webauthn:virtualAuthenticators: true}
Session ID: b8cad7f20ff7a5dbcc27d0df38bcf42c</error><system-err>stale element reference: element is not attached to the page document
  (Session info: chrome=104.0.5112.102)
For documentation on this error, please visit: https://www.seleniumhq.org/exceptions/stale_element_reference.html
Build info: version: '3.141.59', revision: 'e82be7d358', time: '2018-11-14T08:17:03'
System info: host: 'LAPTOP-TMQ7CEEC', ip: '192.168.1.58', os.name: 'Windows 11', os.arch: 'amd64', os.version: '10.0', java.version: '11.0.16.1'
Driver info: org.openqa.selenium.chrome.ChromeDriver
Capabilities {acceptInsecureCerts: false, browserName: chrome, browserVersion: 104.0.5112.102, chrome: {chromedriverVersion: 104.0.5112.29 (eff877e18f76..., userDataDir: C:\Users\JOHNMA~1\AppData\L...}, goog:chromeOptions: {debuggerAddress: localhost:52084}, javascriptEnabled: true, networkConnectionEnabled: false, pageLoadStrategy: normal, platform: WINDOWS, platformName: WINDOWS, proxy: Proxy(), setWindowRect: true, strictFileInteractability: false, timeouts: {implicit: 0, pageLoad: 300000, script: 30000}, unhandledPromptBehavior: dismiss and notify, webauthn:extension:credBlob: true, webauthn:extension:largeBlob: true, webauthn:virtualAuthenticators: true}
Session ID: b8cad7f20ff7a5dbcc27d0df38bcf42c&#13;
co.com.certification.proyectoprueba.taks.autenticacion.autenticarse.performAs(autenticarse.java:20)&#13;
co.com.certification.proyectoprueba.stepdefinitions.AutenticacionStepDefinition.elUsuarioIngresaSuCorreoYContrasenaParaAutenticar(AutenticacionStepDefinition.java:17)&#13;
cucumber.runner.Runner.runPickle(Runner.java:80)&#13;
</system-err></testcase></testsuite>