<?xml version="1.0" encoding="UTF-8"?><testsuite errors="1" failures="0" name="Validar la creación de una cuenta de usuario en la pagina Booking.com" skipped="0" tests="1" time="1.49" timestamp="2022-08-16 11:26:57"><testcase name="Rio"><error message="Could not instantiate class org.openqa.selenium.chrome.ChromeDriver" type="net.thucydides.core.webdriver.DriverConfigurationError">Could not instantiate class org.openqa.selenium.chrome.ChromeDriver</error><system-err>Could not instantiate class org.openqa.selenium.chrome.ChromeDriver&#13;
co.com.certification.proyectoprueba.tasks.cargarPagina.performAs(cargarPagina.java:19)&#13;
co.com.certification.proyectoprueba.stepdefinitions.ComunesStepDefinitions.setStage(ComunesStepDefinitions.java:25)&#13;
cucumber.runner.UnskipableStep.executeStep(UnskipableStep.java:22)&#13;
cucumber.runner.Runner.runPickle(Runner.java:80)&#13;
worker.org.gradle.process.internal.worker.GradleWorkerMain.run(GradleWorkerMain.java:69)&#13;
worker.org.gradle.process.internal.worker.GradleWorkerMain.main(GradleWorkerMain.java:74)&#13;
</system-err></testcase></testsuite>